<?xml version="1.0" encoding="UTF-8"?>
<testsuite xmlns:xsi="http://www.w3.org/2001/XMLSchema-instance" xsi:noNamespaceSchemaLocation="https://maven.apache.org/surefire/maven-surefire-plugin/xsd/surefire-test-report.xsd" name="demo.MavenDemo.HospitalCenterTest" time="0.049" tests="4" errors="0" skipped="0" failures="0">
  <properties>
[...]
</properties>
  <testcase name="testcase1" classname="demo.MavenDemo.HospitalCenterTest" time="0.031"/>
  <testcase name="testcase2" classname="demo.MavenDemo.HospitalCenterTest" time="0"/>
  <testcase name="testcase3" classname="demo.MavenDemo.HospitalCenterTest" time="0.004"/>
  <testcase name="testcase4" classname="demo.MavenDemo.HospitalCenterTest" time="0.002"/>
</testsuite>