<?xml version="1.0" encoding="UTF-8"?>
<testsuite xmlns:xsi="http://www.w3.org/2001/XMLSchema-instance" xsi:noNamespaceSchemaLocation="https://maven.apache.org/surefire/maven-surefire-plugin/xsd/surefire-test-report.xsd" name="demo.MavenDemo.HospitalTests" time="0.078" tests="5" errors="3" skipped="0" failures="2">
  <properties>
[...]
</properties>
  <testcase name="testcase1" classname="demo.MavenDemo.HospitalTests" time="0.029">
    <error type="java.lang.NullPointerException">java.lang.NullPointerException
	at demo.MavenDemo.HospitalTests.testcase1(HospitalTests.java:37)
</error>
    <system-out><![CDATA[beforeall
null
]]></system-out>
  </testcase>
  <testcase name="testcase2" classname="demo.MavenDemo.HospitalTests" time="0">
    <error type="java.lang.NullPointerException">java.lang.NullPointerException
	at demo.MavenDemo.HospitalTests.testcase2(HospitalTests.java:44)
</error>
  </testcase>
  <testcase name="testcase3" classname="demo.MavenDemo.HospitalTests" time="0.002">
    <error type="java.lang.NullPointerException">java.lang.NullPointerException
	at demo.MavenDemo.HospitalTests.testcase3(HospitalTests.java:51)
</error>
  </testcase>
  <testcase name="testcase4" classname="demo.MavenDemo.HospitalTests" time="0.017">
    <failure message="Unexpected exception type thrown ==&gt; expected: &lt;com.cg.exception.DiagnosticException&gt; but was: &lt;java.lang.NullPointerException&gt;" type="org.opentest4j.AssertionFailedError"><![CDATA[org.opentest4j.AssertionFailedError: Unexpected exception type thrown ==> expected: <com.cg.exception.DiagnosticException> but was: <java.lang.NullPointerException>
	at demo.MavenDemo.HospitalTests.testcase4(HospitalTests.java:59)
Caused by: java.lang.NullPointerException
	at demo.MavenDemo.HospitalTests.lambda$testcase4$0(HospitalTests.java:59)
	at demo.MavenDemo.HospitalTests.testcase4(HospitalTests.java:59)
]]></failure>
  </testcase>
  <testcase name="testcase5" classname="demo.MavenDemo.HospitalTests" time="0.004">
    <failure message="Unexpected exception type thrown ==&gt; expected: &lt;com.cg.exception.DiagnosticException&gt; but was: &lt;java.lang.NullPointerException&gt;" type="org.opentest4j.AssertionFailedError"><![CDATA[org.opentest4j.AssertionFailedError: Unexpected exception type thrown ==> expected: <com.cg.exception.DiagnosticException> but was: <java.lang.NullPointerException>
	at demo.MavenDemo.HospitalTests.testcase5(HospitalTests.java:67)
Caused by: java.lang.NullPointerException
	at demo.MavenDemo.HospitalTests.lambda$testcase5$1(HospitalTests.java:67)
	at demo.MavenDemo.HospitalTests.testcase5(HospitalTests.java:67)
]]></failure>
  </testcase>
</testsuite>